<?xml version="1.0" encoding="UTF-8"?>
<!-- Generated by org.testng.reporters.JUnitXMLReporter -->
<testsuite hostname="tvl-note" name="Default test" tests="3" failures="0" timestamp="6 Jun 2017 19:51:47 GMT" time="115.285" errors="0">
  <testcase name="testSMSMessaging" time="64.28" classname="com.qagroup.apidemos.test.SMSMessagingTest"/>
  <testcase name="testTextSwitcher" time="17.088" classname="com.qagroup.apidemos.test.TextSwitcherTest"/>
  <testcase name="test" time="25.748" classname="com.qagroup.apidemos.test.ApiDemosNavigationTest"/>
</testsuite> <!-- Default test -->
